{
  "stats": {
    "suites": 1,
    "tests": 1,
    "passes": 0,
    "pending": 0,
    "failures": 1,
    "start": "2023-07-30T08:19:42.589Z",
    "end": "2023-07-30T08:19:46.280Z",
    "duration": 3691,
    "testsRegistered": 1,
    "passPercent": 0,
    "pendingPercent": 0,
    "other": 0,
    "hasOther": false,
    "skipped": 0,
    "hasSkipped": false
  },
  "results": [
    {
      "uuid": "5b6e140d-cd05-431b-9cb7-34322ebe0b0e",
      "title": "",
      "fullFile": "cypress/e2e/invoke.cy.js",
      "file": "cypress/invoke.cy.js",
      "beforeHooks": [],
      "afterHooks": [],
      "tests": [],
      "suites": [
        {
          "uuid": "33ec76e4-2afa-4cfc-a995-bbd09e677f78",
          "title": "invoke",
          "fullFile": "",
          "file": "",
          "beforeHooks": [],
          "afterHooks": [],
          "tests": [
            {
              "title": "case 1",
              "fullTitle": "invoke case 1",
              "timedOut": null,
              "duration": 1712,
              "state": "failed",
              "speed": null,
              "pass": false,
              "fail": true,
              "pending": false,
              "context": "[\n  {\n    \"title\": \"cypress-mochawesome-reporter-videos-failed\",\n    \"value\": \"cypress/e2e/invoke.cy.js\"\n  },\n  {\n    \"title\": \"cypress-mochawesome-reporter-screenshots\",\n    \"value\": [\n      [\n        \"/invoke.cy.js/invoke -- case 1 (failed).png\"\n      ]\n    ]\n  }\n]",
              "code": "//invoke is used to call jquery functions like .text(), val(), attr(), css, prop, removeattr()\ncy.visit(\"https://qavbox.github.io/demo/signup/\");\n// cy.get('[for=\"email\"]').then((label) => {\n//     cy.log(label.text())\n// })\n// cy.get('[for=\"email\"]').invoke('text').then((label) => {//invoke text function\n//     cy.log(label)\n// })\n// cy.get(\"#username\").type(\"deepa\").invoke('val').then((value) => {\n//     cy.log(value)\n// })\n// cy.get(\"#ip\").invoke('attr', \"type\").should('eq', 'checkbox')\n// cy.contains(\"Tutorials\").invoke('attr', 'target').should('eq', '_blank')\n// cy.contains('Tutorials').invoke('removeAttr', 'target').click()\n// cy.get('[name=\"experience\"]').first().check().invoke('prop', 'checked').should('eq', true)\ncy.get(\"select[name='sgender']\").select('Female').then(val => {\n  expect(val.text()).to.eq(\"Female\");\n});",
              "err": {
                "message": "AssertionError: expected '\\nSelect:\\nMale\\nFemale\\nNot Applicable\\n' to equal 'Female'",
                "estack": "AssertionError: expected '\\nSelect:\\nMale\\nFemale\\nNot Applicable\\n' to equal 'Female'\n    at Context.eval (webpack:///./cypress/e2e/invoke.cy.js:27:34)",
                "diff": "- '\\nSelect:\\nMale\\nFemale\\nNot Applicable\\n'\n+ 'Female'\n"
              },
              "uuid": "47099366-8573-41f6-a744-2fed7b3e3622",
              "parentUUID": "33ec76e4-2afa-4cfc-a995-bbd09e677f78",
              "isHook": false,
              "skipped": false
            }
          ],
          "suites": [],
          "passes": [],
          "failures": [
            "47099366-8573-41f6-a744-2fed7b3e3622"
          ],
          "pending": [],
          "skipped": [],
          "duration": 1712,
          "root": false,
          "rootEmpty": false,
          "_timeout": 2000
        }
      ],
      "passes": [],
      "failures": [],
      "pending": [],
      "skipped": [],
      "duration": 0,
      "root": true,
      "rootEmpty": true,
      "_timeout": 2000
    }
  ],
  "meta": {
    "mocha": {
      "version": "7.0.1"
    },
    "mochawesome": {
      "options": {
        "quiet": false,
        "reportFilename": "mochawesome",
        "saveHtml": false,
        "saveJson": true,
        "consoleReporter": "spec",
        "useInlineDiffs": false,
        "code": true
      },
      "version": "7.1.3"
    },
    "marge": {
      "options": {
        "charts": true,
        "reportPageTitle": "custom-title",
        "embeddedScreenshots": true,
        "inlineAssets": true,
        "saveAllAttempts": false,
        "videoOnFailOnly": true,
        "overwrite": false,
        "html": false,
        "json": true,
        "reportDir": "cypress/reports/html/.jsons"
      },
      "version": "6.2.0"
    }
  }
}