{
  "stats": {
    "suites": 1,
    "tests": 1,
    "passes": 1,
    "pending": 0,
    "failures": 0,
    "start": "2023-07-30T08:19:25.757Z",
    "end": "2023-07-30T08:19:35.217Z",
    "duration": 9460,
    "testsRegistered": 1,
    "passPercent": 100,
    "pendingPercent": 0,
    "other": 0,
    "hasOther": false,
    "skipped": 0,
    "hasSkipped": false
  },
  "results": [
    {
      "uuid": "1cd8da1e-88b3-4224-8c51-3468adebe649",
      "title": "",
      "fullFile": "cypress/e2e/findBrokenLinks.cy.js",
      "file": "cypress/findBrokenLinks.cy.js",
      "beforeHooks": [],
      "afterHooks": [],
      "tests": [],
      "suites": [
        {
          "uuid": "fc2137f8-fcb3-4a56-8f3d-83455370b4f8",
          "title": "brokenLinks",
          "fullFile": "",
          "file": "",
          "beforeHooks": [],
          "afterHooks": [],
          "tests": [
            {
              "title": "find active and broken links",
              "fullTitle": "brokenLinks find active and broken links",
              "timedOut": null,
              "duration": 7012,
              "state": "passed",
              "speed": "medium",
              "pass": true,
              "fail": false,
              "pending": false,
              "context": "{\n  \"title\": \"cypress-mochawesome-reporter-videos-passed\",\n  \"value\": \"cypress/e2e/findBrokenLinks.cy.js\"\n}",
              "code": "cy.visit(\"https://qavbox.github.io/demo/links/\");\ncy.get('a').each($link => {\n  const href = $link.attr('href');\n  if (href) {\n    cy.request({\n      url: href,\n      failOnStatusCode: false\n    }).then(response => {\n      if (response.status >= 400) {\n        cy.log(\"***Broken Links***\", `${href}`);\n        brokenLinks++;\n      } else {\n        cy.log(\"***Active links***\", `${href}`);\n        activeLinks++;\n      }\n    });\n  }\n}).then($links => {\n  const totalLinks = brokenLinks + activeLinks;\n  cy.log(`broken Links: ${brokenLinks}, active Links: ${activeLinks}, total Links:  ${totalLinks}`);\n});",
              "err": {},
              "uuid": "9aa75982-c724-465f-af18-d013dcf7c93e",
              "parentUUID": "fc2137f8-fcb3-4a56-8f3d-83455370b4f8",
              "isHook": false,
              "skipped": false
            }
          ],
          "suites": [],
          "passes": [
            "9aa75982-c724-465f-af18-d013dcf7c93e"
          ],
          "failures": [],
          "pending": [],
          "skipped": [],
          "duration": 7012,
          "root": false,
          "rootEmpty": false,
          "_timeout": 2000
        }
      ],
      "passes": [],
      "failures": [],
      "pending": [],
      "skipped": [],
      "duration": 0,
      "root": true,
      "rootEmpty": true,
      "_timeout": 2000
    }
  ],
  "meta": {
    "mocha": {
      "version": "7.0.1"
    },
    "mochawesome": {
      "options": {
        "quiet": false,
        "reportFilename": "mochawesome",
        "saveHtml": false,
        "saveJson": true,
        "consoleReporter": "spec",
        "useInlineDiffs": false,
        "code": true
      },
      "version": "7.1.3"
    },
    "marge": {
      "options": {
        "charts": true,
        "reportPageTitle": "custom-title",
        "embeddedScreenshots": true,
        "inlineAssets": true,
        "saveAllAttempts": false,
        "videoOnFailOnly": true,
        "overwrite": false,
        "html": false,
        "json": true,
        "reportDir": "cypress/reports/html/.jsons"
      },
      "version": "6.2.0"
    }
  }
}